c:\users\tony\desktop\cse287-master-7204441dbd2b680bb6b61beaadc90886a716fb0f (1)\cse287-master-7204441dbd2b680bb6b61beaadc90886a716fb0f\hw4\hw4\release\vc140.pdb
c:\users\tony\desktop\cse287-master-7204441dbd2b680bb6b61beaadc90886a716fb0f (1)\cse287-master-7204441dbd2b680bb6b61beaadc90886a716fb0f\hw4\hw4\release\surface.obj
c:\users\tony\desktop\cse287-master-7204441dbd2b680bb6b61beaadc90886a716fb0f (1)\cse287-master-7204441dbd2b680bb6b61beaadc90886a716fb0f\hw4\hw4\release\sphere.obj
c:\users\tony\desktop\cse287-master-7204441dbd2b680bb6b61beaadc90886a716fb0f (1)\cse287-master-7204441dbd2b680bb6b61beaadc90886a716fb0f\hw4\hw4\release\raytracer.obj
c:\users\tony\desktop\cse287-master-7204441dbd2b680bb6b61beaadc90886a716fb0f (1)\cse287-master-7204441dbd2b680bb6b61beaadc90886a716fb0f\hw4\hw4\release\quadric.obj
c:\users\tony\desktop\cse287-master-7204441dbd2b680bb6b61beaadc90886a716fb0f (1)\cse287-master-7204441dbd2b680bb6b61beaadc90886a716fb0f\hw4\hw4\release\plane.obj
c:\users\tony\desktop\cse287-master-7204441dbd2b680bb6b61beaadc90886a716fb0f (1)\cse287-master-7204441dbd2b680bb6b61beaadc90886a716fb0f\hw4\hw4\release\lights.obj
c:\users\tony\desktop\cse287-master-7204441dbd2b680bb6b61beaadc90886a716fb0f (1)\cse287-master-7204441dbd2b680bb6b61beaadc90886a716fb0f\hw4\hw4\release\lab.obj
c:\users\tony\desktop\cse287-master-7204441dbd2b680bb6b61beaadc90886a716fb0f (1)\cse287-master-7204441dbd2b680bb6b61beaadc90886a716fb0f\hw4\hw4\release\framebuffer.obj
c:\users\tony\desktop\cse287-master-7204441dbd2b680bb6b61beaadc90886a716fb0f (1)\cse287-master-7204441dbd2b680bb6b61beaadc90886a716fb0f\hw4\hw4\release\disk.obj
c:\users\tony\desktop\cse287-master-7204441dbd2b680bb6b61beaadc90886a716fb0f (1)\cse287-master-7204441dbd2b680bb6b61beaadc90886a716fb0f\hw4\hw4\release\cylindery.obj
c:\users\tony\desktop\cse287-master-7204441dbd2b680bb6b61beaadc90886a716fb0f (1)\cse287-master-7204441dbd2b680bb6b61beaadc90886a716fb0f\hw4\hw4\release\basicincludesanddefines.obj
c:\users\tony\desktop\cse287-master-7204441dbd2b680bb6b61beaadc90886a716fb0f (1)\cse287-master-7204441dbd2b680bb6b61beaadc90886a716fb0f\hw4\release\hw4.exe
c:\users\tony\desktop\cse287-master-7204441dbd2b680bb6b61beaadc90886a716fb0f (1)\cse287-master-7204441dbd2b680bb6b61beaadc90886a716fb0f\hw4\release\hw4.ipdb
c:\users\tony\desktop\cse287-master-7204441dbd2b680bb6b61beaadc90886a716fb0f (1)\cse287-master-7204441dbd2b680bb6b61beaadc90886a716fb0f\hw4\release\hw4.iobj
c:\users\tony\desktop\cse287-master-7204441dbd2b680bb6b61beaadc90886a716fb0f (1)\cse287-master-7204441dbd2b680bb6b61beaadc90886a716fb0f\hw4\release\hw4.pdb
c:\users\tony\desktop\cse287-master-7204441dbd2b680bb6b61beaadc90886a716fb0f (1)\cse287-master-7204441dbd2b680bb6b61beaadc90886a716fb0f\hw4\hw4\release\hw4.tlog\cl.command.1.tlog
c:\users\tony\desktop\cse287-master-7204441dbd2b680bb6b61beaadc90886a716fb0f (1)\cse287-master-7204441dbd2b680bb6b61beaadc90886a716fb0f\hw4\hw4\release\hw4.tlog\cl.read.1.tlog
c:\users\tony\desktop\cse287-master-7204441dbd2b680bb6b61beaadc90886a716fb0f (1)\cse287-master-7204441dbd2b680bb6b61beaadc90886a716fb0f\hw4\hw4\release\hw4.tlog\cl.write.1.tlog
c:\users\tony\desktop\cse287-master-7204441dbd2b680bb6b61beaadc90886a716fb0f (1)\cse287-master-7204441dbd2b680bb6b61beaadc90886a716fb0f\hw4\hw4\release\hw4.tlog\link.command.1.tlog
c:\users\tony\desktop\cse287-master-7204441dbd2b680bb6b61beaadc90886a716fb0f (1)\cse287-master-7204441dbd2b680bb6b61beaadc90886a716fb0f\hw4\hw4\release\hw4.tlog\link.read.1.tlog
c:\users\tony\desktop\cse287-master-7204441dbd2b680bb6b61beaadc90886a716fb0f (1)\cse287-master-7204441dbd2b680bb6b61beaadc90886a716fb0f\hw4\hw4\release\hw4.tlog\link.write.1.tlog
