c:\users\tony\desktop\cse287-master-7204441dbd2b680bb6b61beaadc90886a716fb0f (1)\cse287-master-7204441dbd2b680bb6b61beaadc90886a716fb0f\lab4\cse287lab\debug\vc140.pdb
c:\users\tony\desktop\cse287-master-7204441dbd2b680bb6b61beaadc90886a716fb0f (1)\cse287-master-7204441dbd2b680bb6b61beaadc90886a716fb0f\lab4\cse287lab\debug\vc140.idb
c:\users\tony\desktop\cse287-master-7204441dbd2b680bb6b61beaadc90886a716fb0f (1)\cse287-master-7204441dbd2b680bb6b61beaadc90886a716fb0f\lab4\cse287lab\debug\basicincludesanddefines.obj
c:\users\tony\desktop\cse287-master-7204441dbd2b680bb6b61beaadc90886a716fb0f (1)\cse287-master-7204441dbd2b680bb6b61beaadc90886a716fb0f\lab4\cse287lab\debug\cylindery.obj
c:\users\tony\desktop\cse287-master-7204441dbd2b680bb6b61beaadc90886a716fb0f (1)\cse287-master-7204441dbd2b680bb6b61beaadc90886a716fb0f\lab4\cse287lab\debug\disk.obj
c:\users\tony\desktop\cse287-master-7204441dbd2b680bb6b61beaadc90886a716fb0f (1)\cse287-master-7204441dbd2b680bb6b61beaadc90886a716fb0f\lab4\cse287lab\debug\framebuffer.obj
c:\users\tony\desktop\cse287-master-7204441dbd2b680bb6b61beaadc90886a716fb0f (1)\cse287-master-7204441dbd2b680bb6b61beaadc90886a716fb0f\lab4\cse287lab\debug\lab.obj
c:\users\tony\desktop\cse287-master-7204441dbd2b680bb6b61beaadc90886a716fb0f (1)\cse287-master-7204441dbd2b680bb6b61beaadc90886a716fb0f\lab4\cse287lab\debug\lights.obj
c:\users\tony\desktop\cse287-master-7204441dbd2b680bb6b61beaadc90886a716fb0f (1)\cse287-master-7204441dbd2b680bb6b61beaadc90886a716fb0f\lab4\cse287lab\debug\plane.obj
c:\users\tony\desktop\cse287-master-7204441dbd2b680bb6b61beaadc90886a716fb0f (1)\cse287-master-7204441dbd2b680bb6b61beaadc90886a716fb0f\lab4\cse287lab\debug\quadric.obj
c:\users\tony\desktop\cse287-master-7204441dbd2b680bb6b61beaadc90886a716fb0f (1)\cse287-master-7204441dbd2b680bb6b61beaadc90886a716fb0f\lab4\cse287lab\debug\raytracer.obj
c:\users\tony\desktop\cse287-master-7204441dbd2b680bb6b61beaadc90886a716fb0f (1)\cse287-master-7204441dbd2b680bb6b61beaadc90886a716fb0f\lab4\cse287lab\debug\sphere.obj
c:\users\tony\desktop\cse287-master-7204441dbd2b680bb6b61beaadc90886a716fb0f (1)\cse287-master-7204441dbd2b680bb6b61beaadc90886a716fb0f\lab4\cse287lab\debug\surface.obj
c:\users\tony\desktop\hw v1\cse287lab\debug\vc140.pdb
c:\users\tony\desktop\hw v1\cse287lab\debug\vc140.idb
c:\users\tony\desktop\hw v1\cse287lab\debug\basicincludesanddefines.obj
c:\users\tony\desktop\hw v1\cse287lab\debug\cylindery.obj
c:\users\tony\desktop\hw v1\cse287lab\debug\disk.obj
c:\users\tony\desktop\hw v1\cse287lab\debug\framebuffer.obj
c:\users\tony\desktop\hw v1\cse287lab\debug\lab.obj
c:\users\tony\desktop\hw v1\cse287lab\debug\lights.obj
c:\users\tony\desktop\hw v1\cse287lab\debug\plane.obj
c:\users\tony\desktop\hw v1\cse287lab\debug\quadric.obj
c:\users\tony\desktop\hw v1\cse287lab\debug\raytracer.obj
c:\users\tony\desktop\hw v1\cse287lab\debug\sphere.obj
c:\users\tony\desktop\hw v1\cse287lab\debug\surface.obj
c:\users\tony\desktop\cse287-master-7204441dbd2b680bb6b61beaadc90886a716fb0f (1)\cse287-master-7204441dbd2b680bb6b61beaadc90886a716fb0f\lab4\debug\cse287lab.ilk
c:\users\tony\desktop\cse287-master-7204441dbd2b680bb6b61beaadc90886a716fb0f (1)\cse287-master-7204441dbd2b680bb6b61beaadc90886a716fb0f\lab4\debug\cse287lab.exe
c:\users\tony\desktop\cse287-master-7204441dbd2b680bb6b61beaadc90886a716fb0f (1)\cse287-master-7204441dbd2b680bb6b61beaadc90886a716fb0f\lab4\debug\cse287lab.pdb
c:\users\tony\desktop\hw v1\debug\cse287lab.ilk
c:\users\tony\desktop\hw v1\debug\cse287lab.exe
c:\users\tony\desktop\hw v1\debug\cse287lab.pdb
c:\users\tony\desktop\hw v1\cse287lab\debug\cse287lab.tlog\cl.command.1.tlog
c:\users\tony\desktop\hw v1\cse287lab\debug\cse287lab.tlog\cl.read.1.tlog
c:\users\tony\desktop\hw v1\cse287lab\debug\cse287lab.tlog\cl.write.1.tlog
c:\users\tony\desktop\hw v1\cse287lab\debug\cse287lab.tlog\link.command.1.tlog
c:\users\tony\desktop\hw v1\cse287lab\debug\cse287lab.tlog\link.read.1.tlog
c:\users\tony\desktop\hw v1\cse287lab\debug\cse287lab.tlog\link.write.1.tlog
